-------------------------------------------------------------------------------
Test set: LoginCourierTest
-------------------------------------------------------------------------------
Tests run: 5, Failures: 1, Errors: 0, Skipped: 0, Time elapsed: 66.781 s <<< FAILURE! - in LoginCourierTest
passwordRequired(LoginCourierTest)  Time elapsed: 61.493 s  <<< FAILURE!
java.lang.AssertionError: 
1 expectation failed.
Expected status code <400> but was <504>.

	at LoginCourierTest.passwordRequired(LoginCourierTest.java:49)

